# JRE version: Java(TM) SE Runtime Environment (8.0_241-b07) (build 1.8.0_241-b07)
# Java VM: Java HotSpot(TM) 64-Bit Server VM (25.241-b07 mixed mode windows-amd64 compressed oops)
Heap:
 PSYoungGen      total 29696K, used 16320K [0x00000000eab00000, 0x00000000ecd80000, 0x0000000100000000)
  eden space 24064K, 45% used [0x00000000eab00000,0x00000000eb5c0e98,0x00000000ec280000)
  from space 5632K, 94% used [0x00000000ec400000,0x00000000ec92f208,0x00000000ec980000)
  to   space 4096K, 0% used [0x00000000ec980000,0x00000000ec980000,0x00000000ecd80000)
 ParOldGen       total 68608K, used 11248K [0x00000000c0000000, 0x00000000c4300000, 0x00000000eab00000)
  object space 68608K, 16% used [0x00000000c0000000,0x00000000c0afc0c8,0x00000000c4300000)
 Metaspace       used 28449K, capacity 29886K, committed 30080K, reserved 1075200K
  class space    used 3109K, capacity 3662K, committed 3712K, reserved 1048576K
GC Heap History (10 events):
Event: 7.487 GC heap before
{Heap before GC invocations=4 (full 0):
 PSYoungGen      total 29696K, used 24900K [0x00000000eab00000, 0x00000000ecc00000, 0x0000000100000000)
  eden space 25600K, 81% used [0x00000000eab00000,0x00000000ebf58bc8,0x00000000ec400000)
  from space 4096K, 99% used [0x00000000ec400000,0x00000000ec7f8580,0x00000000ec800000)
  to   space 4096K, 0% used [0x00000000ec800000,0x00000000ec800000,0x00000000ecc00000)
 ParOldGen       total 68608K, used 13154K [0x00000000c0000000, 0x00000000c4300000, 0x00000000eab00000)
  object space 68608K, 19% used [0x00000000c0000000,0x00000000c0cd8b38,0x00000000c4300000)
 Metaspace       used 19973K, capacity 21098K, committed 21296K, reserved 1069056K
  class space    used 2031K, capacity 2409K, committed 2432K, reserved 1048576K
Event: 7.504 GC heap after
Heap after GC invocations=4 (full 0):
 PSYoungGen      total 29696K, used 4086K [0x00000000eab00000, 0x00000000ecc00000, 0x0000000100000000)
  eden space 25600K, 0% used [0x00000000eab00000,0x00000000eab00000,0x00000000ec400000)
  from space 4096K, 99% used [0x00000000ec800000,0x00000000ecbfd950,0x00000000ecc00000)
  to   space 4096K, 0% used [0x00000000ec400000,0x00000000ec400000,0x00000000ec800000)
 ParOldGen       total 68608K, used 17669K [0x00000000c0000000, 0x00000000c4300000, 0x00000000eab00000)
  object space 68608K, 25% used [0x00000000c0000000,0x00000000c11414b8,0x00000000c4300000)
 Metaspace       used 19973K, capacity 21098K, committed 21296K, reserved 1069056K
  class space    used 2031K, capacity 2409K, committed 2432K, reserved 1048576K
}
Event: 7.504 GC heap before
{Heap before GC invocations=5 (full 1):
 PSYoungGen      total 29696K, used 4086K [0x00000000eab00000, 0x00000000ecc00000, 0x0000000100000000)
  eden space 25600K, 0% used [0x00000000eab00000,0x00000000eab00000,0x00000000ec400000)
  from space 4096K, 99% used [0x00000000ec800000,0x00000000ecbfd950,0x00000000ecc00000)
  to   space 4096K, 0% used [0x00000000ec400000,0x00000000ec400000,0x00000000ec800000)
 ParOldGen       total 68608K, used 17669K [0x00000000c0000000, 0x00000000c4300000, 0x00000000eab00000)
  object space 68608K, 25% used [0x00000000c0000000,0x00000000c11414b8,0x00000000c4300000)
 Metaspace       used 19973K, capacity 21098K, committed 21296K, reserved 1069056K
  class space    used 2031K, capacity 2409K, committed 2432K, reserved 1048576K
Event: 7.607 GC heap after
Heap after GC invocations=5 (full 1):
 PSYoungGen      total 29696K, used 0K [0x00000000eab00000, 0x00000000ecc00000, 0x0000000100000000)
  eden space 25600K, 0% used [0x00000000eab00000,0x00000000eab00000,0x00000000ec400000)
  from space 4096K, 0% used [0x00000000ec800000,0x00000000ec800000,0x00000000ecc00000)
  to   space 4096K, 0% used [0x00000000ec400000,0x00000000ec400000,0x00000000ec800000)
 ParOldGen       total 68608K, used 11032K [0x00000000c0000000, 0x00000000c4300000, 0x00000000eab00000)
  object space 68608K, 16% used [0x00000000c0000000,0x00000000c0ac63a8,0x00000000c4300000)
 Metaspace       used 19973K, capacity 21098K, committed 21296K, reserved 1069056K
  class space    used 2031K, capacity 2409K, committed 2432K, reserved 1048576K
}
Event: 8.168 GC heap before
{Heap before GC invocations=6 (full 1):
 PSYoungGen      total 29696K, used 25600K [0x00000000eab00000, 0x00000000ecc00000, 0x0000000100000000)
  eden space 25600K, 100% used [0x00000000eab00000,0x00000000ec400000,0x00000000ec400000)
  from space 4096K, 0% used [0x00000000ec800000,0x00000000ec800000,0x00000000ecc00000)
  to   space 4096K, 0% used [0x00000000ec400000,0x00000000ec400000,0x00000000ec800000)
 ParOldGen       total 68608K, used 11032K [0x00000000c0000000, 0x00000000c4300000, 0x00000000eab00000)
  object space 68608K, 16% used [0x00000000c0000000,0x00000000c0ac63a8,0x00000000c4300000)
 Metaspace       used 23028K, capacity 24236K, committed 24448K, reserved 1071104K
  class space    used 2443K, capacity 2832K, committed 2944K, reserved 1048576K
Event: 8.177 GC heap after
Heap after GC invocations=6 (full 1):
 PSYoungGen      total 29184K, used 4082K [0x00000000eab00000, 0x00000000ecf80000, 0x0000000100000000)
  eden space 25088K, 0% used [0x00000000eab00000,0x00000000eab00000,0x00000000ec380000)
  from space 4096K, 99% used [0x00000000ec400000,0x00000000ec7fca10,0x00000000ec800000)
  to   space 6144K, 0% used [0x00000000ec980000,0x00000000ec980000,0x00000000ecf80000)
 ParOldGen       total 68608K, used 11232K [0x00000000c0000000, 0x00000000c4300000, 0x00000000eab00000)
  object space 68608K, 16% used [0x00000000c0000000,0x00000000c0af80c8,0x00000000c4300000)
 Metaspace       used 23028K, capacity 24236K, committed 24448K, reserved 1071104K
  class space    used 2443K, capacity 2832K, committed 2944K, reserved 1048576K
}
Event: 9.111 GC heap before
{Heap before GC invocations=7 (full 1):
 PSYoungGen      total 29184K, used 29170K [0x00000000eab00000, 0x00000000ecf80000, 0x0000000100000000)
  eden space 25088K, 100% used [0x00000000eab00000,0x00000000ec380000,0x00000000ec380000)
  from space 4096K, 99% used [0x00000000ec400000,0x00000000ec7fca10,0x00000000ec800000)
  to   space 6144K, 0% used [0x00000000ec980000,0x00000000ec980000,0x00000000ecf80000)
 ParOldGen       total 68608K, used 11232K [0x00000000c0000000, 0x00000000c4300000, 0x00000000eab00000)
  object space 68608K, 16% used [0x00000000c0000000,0x00000000c0af80c8,0x00000000c4300000)
 Metaspace       used 26165K, capacity 27418K, committed 27648K, reserved 1073152K
  class space    used 2859K, capacity 3295K, committed 3328K, reserved 1048576K
Event: 9.118 GC heap after
Heap after GC invocations=7 (full 1):
 PSYoungGen      total 30208K, used 5348K [0x00000000eab00000, 0x00000000ecf00000, 0x0000000100000000)
  eden space 24576K, 0% used [0x00000000eab00000,0x00000000eab00000,0x00000000ec300000)
  from space 5632K, 94% used [0x00000000ec980000,0x00000000eceb9338,0x00000000ecf00000)
  to   space 5632K, 0% used [0x00000000ec400000,0x00000000ec400000,0x00000000ec980000)
 ParOldGen       total 68608K, used 11240K [0x00000000c0000000, 0x00000000c4300000, 0x00000000eab00000)
  object space 68608K, 16% used [0x00000000c0000000,0x00000000c0afa0c8,0x00000000c4300000)
 Metaspace       used 26165K, capacity 27418K, committed 27648K, reserved 1073152K
  class space    used 2859K, capacity 3295K, committed 3328K, reserved 1048576K
}
Event: 9.452 GC heap before
{Heap before GC invocations=8 (full 1):
 PSYoungGen      total 30208K, used 29924K [0x00000000eab00000, 0x00000000ecf00000, 0x0000000100000000)
  eden space 24576K, 100% used [0x00000000eab00000,0x00000000ec300000,0x00000000ec300000)
  from space 5632K, 94% used [0x00000000ec980000,0x00000000eceb9338,0x00000000ecf00000)
  to   space 5632K, 0% used [0x00000000ec400000,0x00000000ec400000,0x00000000ec980000)
 ParOldGen       total 68608K, used 11240K [0x00000000c0000000, 0x00000000c4300000, 0x00000000eab00000)
  object space 68608K, 16% used [0x00000000c0000000,0x00000000c0afa0c8,0x00000000c4300000)
 Metaspace       used 27105K, capacity 28530K, committed 28672K, reserved 1075200K
  class space    used 2979K, capacity 3518K, committed 3584K, reserved 1048576K
Event: 9.458 GC heap after
Heap after GC invocations=8 (full 1):
 PSYoungGen      total 29696K, used 5308K [0x00000000eab00000, 0x00000000ecd80000, 0x0000000100000000)
  eden space 24064K, 0% used [0x00000000eab00000,0x00000000eab00000,0x00000000ec280000)
  from space 5632K, 94% used [0x00000000ec400000,0x00000000ec92f208,0x00000000ec980000)
  to   space 4096K, 0% used [0x00000000ec980000,0x00000000ec980000,0x00000000ecd80000)
 ParOldGen       total 68608K, used 11248K [0x00000000c0000000, 0x00000000c4300000, 0x00000000eab00000)
  object space 68608K, 16% used [0x00000000c0000000,0x00000000c0afc0c8,0x00000000c4300000)
 Metaspace       used 27105K, capacity 28530K, committed 28672K, reserved 1075200K
  class space    used 2979K, capacity 3518K, committed 3584K, reserved 1048576K
}

